<?xml version="1.0" encoding="UTF-8"?>
<!-- Generated by org.testng.reporters.JUnitXMLReporter -->
<testsuite ignored="6" hostname="BhuVarsh" failures="0" tests="4" name="Test" time="0.05" errors="0" timestamp="2022-11-16T17:43:23 IST">
  <testcase classname="testng.group1" name="TC2" time="0.005"/>
  <testcase classname="testng.group1" name="TC4" time="0.001"/>
  <testcase classname="testng.group1" name="TC6" time="0.002"/>
  <testcase classname="testng.group2" name="TC9" time="0.001"/>
  <testcase classname="testng.group1" name="TC1" time="0.0">
    <ignored/>
  </testcase> <!-- TC1 -->
  <testcase classname="testng.group1" name="TC3" time="0.0">
    <ignored/>
  </testcase> <!-- TC3 -->
  <testcase classname="testng.group2" name="TC10" time="0.0">
    <ignored/>
  </testcase> <!-- TC10 -->
  <testcase classname="testng.group1" name="TC5" time="0.0">
    <ignored/>
  </testcase> <!-- TC5 -->
  <testcase classname="testng.group1" name="TC7" time="0.0">
    <ignored/>
  </testcase> <!-- TC7 -->
  <testcase classname="testng.group2" name="TC8" time="0.0">
    <ignored/>
  </testcase> <!-- TC8 -->
</testsuite> <!-- Test -->
